<?xml version="1.0" encoding="UTF-8"?>
<!-- Generated by org.testng.reporters.JUnitReportReporter -->
<testsuite skipped="0" hostname="LassiMedha" name="compare.UnitTests" tests="1" failures="0" timestamp="2023-05-22T15:57:57 IST" time="2.410" errors="0">
  <testcase name="sameContentOfExcelFiles" time="2.410" classname="compare.UnitTests"/>
  <system-out/>
</testsuite> <!-- compare.UnitTests -->
